{"D:\\Учеба\\Нетология\\JS\\7. Продвинутый JavaScript современные возможности языка\\5 Тестирование и Continuous Integration\\Домашнее задание\\Matchers\\src\\sortHeroes.js": {"path":"D:\\Учеба\\Нетология\\JS\\7. Продвинутый JavaScript современные возможности языка\\5 Тестирование и Continuous Integration\\Домашнее задание\\Matchers\\src\\sortHeroes.js","statementMap":{"0":{"start":{"line":2,"column":4},"end":{"line":2,"column":54}},"1":{"start":{"line":2,"column":33},"end":{"line":2,"column":52}}},"fnMap":{"0":{"name":"sortHeroes","decl":{"start":{"line":1,"column":24},"end":{"line":1,"column":34}},"loc":{"start":{"line":1,"column":43},"end":{"line":3,"column":3}},"line":1},"1":{"name":"(anonymous_1)","decl":{"start":{"line":2,"column":23},"end":{"line":2,"column":24}},"loc":{"start":{"line":2,"column":33},"end":{"line":2,"column":52}},"line":2}},"branchMap":{},"s":{"0":1,"1":4},"f":{"0":1,"1":4},"b":{},"_coverageSchema":"1a1c01bbd47fc00a2c39e90264f33305004495a9","hash":"5c13928d094b5a4928c4192d5b1fd599ca6ef83a"}
}
